[0.009s] Invoking command in '/workspaces/engineeringMatch/build/location': CMAKE_PREFIX_PATH=/opt/ros/humble /usr/bin/cmake --build /workspaces/engineeringMatch/build/location -- -j12 -l12
[0.052s] [35m[1mConsolidate compiler generated dependencies of target location[0m
[0.076s] [ 50%] [32mBuilding CXX object CMakeFiles/location.dir/src/main.cpp.o[0m
[10.780s] [100%] [32m[1mLinking CXX executable location[0m
[11.122s] [100%] Built target location
[11.132s] Invoked command in '/workspaces/engineeringMatch/build/location' returned '0': CMAKE_PREFIX_PATH=/opt/ros/humble /usr/bin/cmake --build /workspaces/engineeringMatch/build/location -- -j12 -l12
[11.140s] Invoking command in '/workspaces/engineeringMatch/build/location': CMAKE_PREFIX_PATH=/opt/ros/humble /usr/bin/cmake --install /workspaces/engineeringMatch/build/location
[11.147s] -- Install configuration: ""
[11.147s] -- Execute custom install script
[11.147s] -- Up-to-date symlink: /workspaces/engineeringMatch/install/lib/location/location
[11.148s] -- Up-to-date symlink: /workspaces/engineeringMatch/install/share/ament_index/resource_index/package_run_dependencies/location
[11.148s] -- Up-to-date symlink: /workspaces/engineeringMatch/install/share/ament_index/resource_index/parent_prefix_path/location
[11.148s] -- Up-to-date symlink: /workspaces/engineeringMatch/install/share/location/environment/ament_prefix_path.sh
[11.148s] -- Up-to-date symlink: /workspaces/engineeringMatch/install/share/location/environment/ament_prefix_path.dsv
[11.148s] -- Up-to-date symlink: /workspaces/engineeringMatch/install/share/location/environment/path.sh
[11.148s] -- Up-to-date symlink: /workspaces/engineeringMatch/install/share/location/environment/path.dsv
[11.148s] -- Up-to-date symlink: /workspaces/engineeringMatch/install/share/location/local_setup.bash
[11.148s] -- Up-to-date symlink: /workspaces/engineeringMatch/install/share/location/local_setup.sh
[11.149s] -- Up-to-date symlink: /workspaces/engineeringMatch/install/share/location/local_setup.zsh
[11.149s] -- Up-to-date symlink: /workspaces/engineeringMatch/install/share/location/local_setup.dsv
[11.149s] -- Symlinking: /workspaces/engineeringMatch/install/share/location/package.dsv
[11.158s] -- Up-to-date symlink: /workspaces/engineeringMatch/install/share/ament_index/resource_index/packages/location
[11.158s] -- Up-to-date symlink: /workspaces/engineeringMatch/install/share/location/cmake/locationConfig.cmake
[11.158s] -- Up-to-date symlink: /workspaces/engineeringMatch/install/share/location/cmake/locationConfig-version.cmake
[11.159s] -- Up-to-date symlink: /workspaces/engineeringMatch/install/share/location/package.xml
[11.161s] Invoked command in '/workspaces/engineeringMatch/build/location' returned '0': CMAKE_PREFIX_PATH=/opt/ros/humble /usr/bin/cmake --install /workspaces/engineeringMatch/build/location
