[0.009s] Invoking command in '/workspaces/engineeringMatch/build/location': CMAKE_PREFIX_PATH=/opt/ros/humble /usr/bin/cmake --build /workspaces/engineeringMatch/build/location -- -j12 -l12
[0.052s] [35m[1mConsolidate compiler generated dependencies of target location[0m
[0.073s] [ 50%] [32mBuilding CXX object CMakeFiles/location.dir/src/main.cpp.o[0m
[2.302s] In file included from [01m[K/workspaces/engineeringMatch/ws/location/src/main.cpp:2[m[K:
[2.302s] [01m[K/workspaces/engineeringMatch/ws/location/src/imu/imu_handler.hpp:[m[K In member function ‘[01m[Kvoid engineering_match::imu::IMUHandler::data_callback(std_msgs::msg::Int32_<std::allocator<void> >::SharedPtr)[m[K’:
[2.303s] [01m[K/workspaces/engineeringMatch/ws/location/src/imu/imu_handler.hpp:14:62:[m[K [01;35m[Kwarning: [m[Kunused parameter ‘[01m[Kmsg[m[K’ [[01;35m[K]8;;https://gcc.gnu.org/onlinedocs/gcc/Warning-Options.html#index-Wunused-parameter-Wunused-parameter]8;;[m[K]
[2.303s]    14 |     void data_callback([01;35m[Kconst std_msgs::msg::Int32::SharedPtr msg[m[K)
[2.303s]       |                        [01;35m[K~~~~~~~~~~~~~~~~~~~~~~~~~~~~~~~~~~~~~~^~~[m[K
[7.140s] [100%] [32m[1mLinking CXX executable location[0m
[7.468s] [100%] Built target location
[7.477s] Invoked command in '/workspaces/engineeringMatch/build/location' returned '0': CMAKE_PREFIX_PATH=/opt/ros/humble /usr/bin/cmake --build /workspaces/engineeringMatch/build/location -- -j12 -l12
[7.486s] Invoking command in '/workspaces/engineeringMatch/build/location': CMAKE_PREFIX_PATH=/opt/ros/humble /usr/bin/cmake --install /workspaces/engineeringMatch/build/location
[7.491s] -- Install configuration: ""
[7.492s] -- Execute custom install script
[7.492s] -- Up-to-date symlink: /workspaces/engineeringMatch/install/lib/location/location
[7.492s] -- Up-to-date symlink: /workspaces/engineeringMatch/install/share/ament_index/resource_index/package_run_dependencies/location
[7.492s] -- Up-to-date symlink: /workspaces/engineeringMatch/install/share/ament_index/resource_index/parent_prefix_path/location
[7.492s] -- Up-to-date symlink: /workspaces/engineeringMatch/install/share/location/environment/ament_prefix_path.sh
[7.492s] -- Up-to-date symlink: /workspaces/engineeringMatch/install/share/location/environment/ament_prefix_path.dsv
[7.492s] -- Up-to-date symlink: /workspaces/engineeringMatch/install/share/location/environment/path.sh
[7.492s] -- Up-to-date symlink: /workspaces/engineeringMatch/install/share/location/environment/path.dsv
[7.493s] -- Up-to-date symlink: /workspaces/engineeringMatch/install/share/location/local_setup.bash
[7.493s] -- Up-to-date symlink: /workspaces/engineeringMatch/install/share/location/local_setup.sh
[7.493s] -- Up-to-date symlink: /workspaces/engineeringMatch/install/share/location/local_setup.zsh
[7.493s] -- Up-to-date symlink: /workspaces/engineeringMatch/install/share/location/local_setup.dsv
[7.493s] -- Symlinking: /workspaces/engineeringMatch/install/share/location/package.dsv
[7.500s] -- Up-to-date symlink: /workspaces/engineeringMatch/install/share/ament_index/resource_index/packages/location
[7.500s] -- Up-to-date symlink: /workspaces/engineeringMatch/install/share/location/cmake/locationConfig.cmake
[7.500s] -- Up-to-date symlink: /workspaces/engineeringMatch/install/share/location/cmake/locationConfig-version.cmake
[7.500s] -- Up-to-date symlink: /workspaces/engineeringMatch/install/share/location/package.xml
[7.502s] Invoked command in '/workspaces/engineeringMatch/build/location' returned '0': CMAKE_PREFIX_PATH=/opt/ros/humble /usr/bin/cmake --install /workspaces/engineeringMatch/build/location
