[35m[1mConsolidate compiler generated dependencies of target location[0m
[ 50%] [32mBuilding CXX object CMakeFiles/location.dir/src/main.cpp.o[0m
[100%] [32m[1mLinking CXX executable location[0m
[100%] Built target location
-- Install configuration: ""
-- Execute custom install script
-- Up-to-date symlink: /workspaces/engineeringMatch/install/lib/location/location
-- Up-to-date symlink: /workspaces/engineeringMatch/install/share/ament_index/resource_index/package_run_dependencies/location
-- Up-to-date symlink: /workspaces/engineeringMatch/install/share/ament_index/resource_index/parent_prefix_path/location
-- Up-to-date symlink: /workspaces/engineeringMatch/install/share/location/environment/ament_prefix_path.sh
-- Up-to-date symlink: /workspaces/engineeringMatch/install/share/location/environment/ament_prefix_path.dsv
-- Up-to-date symlink: /workspaces/engineeringMatch/install/share/location/environment/path.sh
-- Up-to-date symlink: /workspaces/engineeringMatch/install/share/location/environment/path.dsv
-- Up-to-date symlink: /workspaces/engineeringMatch/install/share/location/local_setup.bash
-- Up-to-date symlink: /workspaces/engineeringMatch/install/share/location/local_setup.sh
-- Up-to-date symlink: /workspaces/engineeringMatch/install/share/location/local_setup.zsh
-- Up-to-date symlink: /workspaces/engineeringMatch/install/share/location/local_setup.dsv
-- Symlinking: /workspaces/engineeringMatch/install/share/location/package.dsv
-- Up-to-date symlink: /workspaces/engineeringMatch/install/share/ament_index/resource_index/packages/location
-- Up-to-date symlink: /workspaces/engineeringMatch/install/share/location/cmake/locationConfig.cmake
-- Up-to-date symlink: /workspaces/engineeringMatch/install/share/location/cmake/locationConfig-version.cmake
-- Up-to-date symlink: /workspaces/engineeringMatch/install/share/location/package.xml
