[0.011s] Invoking command in '/workspaces/engineeringMatch/build/location': CMAKE_PREFIX_PATH=/opt/ros/humble /usr/bin/cmake --build /workspaces/engineeringMatch/build/location -- -j12 -l12
[0.061s] [35m[1mConsolidate compiler generated dependencies of target location[0m
[0.087s] [100%] Built target location
[0.096s] Invoked command in '/workspaces/engineeringMatch/build/location' returned '0': CMAKE_PREFIX_PATH=/opt/ros/humble /usr/bin/cmake --build /workspaces/engineeringMatch/build/location -- -j12 -l12
[0.105s] Invoking command in '/workspaces/engineeringMatch/build/location': CMAKE_PREFIX_PATH=/opt/ros/humble /usr/bin/cmake --install /workspaces/engineeringMatch/build/location
[0.112s] -- Install configuration: ""
[0.112s] -- Execute custom install script
[0.113s] -- Up-to-date symlink: /workspaces/engineeringMatch/install/lib/location/location
[0.114s] -- Up-to-date symlink: /workspaces/engineeringMatch/install/share/ament_index/resource_index/package_run_dependencies/location
[0.115s] -- Up-to-date symlink: /workspaces/engineeringMatch/install/share/ament_index/resource_index/parent_prefix_path/location
[0.115s] -- Up-to-date symlink: /workspaces/engineeringMatch/install/share/location/environment/ament_prefix_path.sh
[0.115s] -- Up-to-date symlink: /workspaces/engineeringMatch/install/share/location/environment/ament_prefix_path.dsv
[0.116s] -- Up-to-date symlink: /workspaces/engineeringMatch/install/share/location/environment/path.sh
[0.116s] -- Up-to-date symlink: /workspaces/engineeringMatch/install/share/location/environment/path.dsv
[0.116s] -- Up-to-date symlink: /workspaces/engineeringMatch/install/share/location/local_setup.bash
[0.116s] -- Up-to-date symlink: /workspaces/engineeringMatch/install/share/location/local_setup.sh
[0.117s] -- Up-to-date symlink: /workspaces/engineeringMatch/install/share/location/local_setup.zsh
[0.117s] -- Up-to-date symlink: /workspaces/engineeringMatch/install/share/location/local_setup.dsv
[0.117s] -- Symlinking: /workspaces/engineeringMatch/install/share/location/package.dsv
[0.128s] -- Up-to-date symlink: /workspaces/engineeringMatch/install/share/ament_index/resource_index/packages/location
[0.128s] -- Up-to-date symlink: /workspaces/engineeringMatch/install/share/location/cmake/locationConfig.cmake
[0.128s] -- Up-to-date symlink: /workspaces/engineeringMatch/install/share/location/cmake/locationConfig-version.cmake
[0.128s] -- Up-to-date symlink: /workspaces/engineeringMatch/install/share/location/package.xml
[0.131s] Invoked command in '/workspaces/engineeringMatch/build/location' returned '0': CMAKE_PREFIX_PATH=/opt/ros/humble /usr/bin/cmake --install /workspaces/engineeringMatch/build/location
