[0.009s] Invoking command in '/workspaces/engineeringMatch/build/location': CMAKE_PREFIX_PATH=/opt/ros/humble /usr/bin/cmake /workspaces/engineeringMatch/ws/location -DAMENT_CMAKE_SYMLINK_INSTALL=1 -DCMAKE_INSTALL_PREFIX=/workspaces/engineeringMatch/install
[0.053s] -- The C compiler identification is GNU 11.4.0
[0.097s] -- The CXX compiler identification is GNU 11.4.0
[0.103s] -- Detecting C compiler ABI info
[0.161s] -- Detecting C compiler ABI info - done
[0.166s] -- Check for working C compiler: /usr/bin/cc - skipped
[0.166s] -- Detecting C compile features
[0.166s] -- Detecting C compile features - done
[0.169s] -- Detecting CXX compiler ABI info
[0.235s] -- Detecting CXX compiler ABI info - done
[0.241s] -- Check for working CXX compiler: /usr/bin/c++ - skipped
[0.241s] -- Detecting CXX compile features
[0.242s] -- Detecting CXX compile features - done
[0.244s] -- Found ament_cmake: 1.3.11 (/opt/ros/humble/share/ament_cmake/cmake)
[0.341s] -- Found Python3: /usr/bin/python3 (found version "3.10.12") found components: Interpreter 
[0.388s] -- Override CMake install command with custom implementation using symlinks instead of copying resources
[0.407s] -- Found rclcpp: 16.0.12 (/opt/ros/humble/share/rclcpp/cmake)
[0.437s] -- Found rosidl_generator_c: 3.1.6 (/opt/ros/humble/share/rosidl_generator_c/cmake)
[0.441s] -- Found rosidl_adapter: 3.1.6 (/opt/ros/humble/share/rosidl_adapter/cmake)
[0.447s] -- Found rosidl_generator_cpp: 3.1.6 (/opt/ros/humble/share/rosidl_generator_cpp/cmake)
[0.456s] -- Using all available rosidl_typesupport_c: rosidl_typesupport_fastrtps_c;rosidl_typesupport_introspection_c
[0.468s] -- Using all available rosidl_typesupport_cpp: rosidl_typesupport_fastrtps_cpp;rosidl_typesupport_introspection_cpp
[0.500s] -- Found rmw_implementation_cmake: 6.1.2 (/opt/ros/humble/share/rmw_implementation_cmake/cmake)
[0.502s] -- Found rmw_fastrtps_cpp: 6.2.7 (/opt/ros/humble/share/rmw_fastrtps_cpp/cmake)
[0.575s] -- Found OpenSSL: /usr/lib/x86_64-linux-gnu/libcrypto.so (found version "3.0.2")  
[0.596s] -- Found FastRTPS: /opt/ros/humble/include  
[0.633s] -- Using RMW implementation 'rmw_fastrtps_cpp' as default
[0.640s] -- Looking for pthread.h
[0.700s] -- Looking for pthread.h - found
[0.701s] -- Performing Test CMAKE_HAVE_LIBC_PTHREAD
[0.763s] -- Performing Test CMAKE_HAVE_LIBC_PTHREAD - Success
[0.764s] -- Found Threads: TRUE  
[0.808s] -- Found OpenCV: /usr (found version "4.5.4") 
[0.860s] -- Configuring done
[0.871s] -- Generating done
[0.874s] -- Build files have been written to: /workspaces/engineeringMatch/build/location
[0.881s] Invoked command in '/workspaces/engineeringMatch/build/location' returned '0': CMAKE_PREFIX_PATH=/opt/ros/humble /usr/bin/cmake /workspaces/engineeringMatch/ws/location -DAMENT_CMAKE_SYMLINK_INSTALL=1 -DCMAKE_INSTALL_PREFIX=/workspaces/engineeringMatch/install
[0.882s] Invoking command in '/workspaces/engineeringMatch/build/location': CMAKE_PREFIX_PATH=/opt/ros/humble /usr/bin/cmake --build /workspaces/engineeringMatch/build/location -- -j12 -l12
[0.928s] [ 50%] [32mBuilding CXX object CMakeFiles/location.dir/src/main.cpp.o[0m
[2.453s] [100%] [32m[1mLinking CXX executable location[0m
[2.774s] [100%] Built target location
[2.784s] Invoked command in '/workspaces/engineeringMatch/build/location' returned '0': CMAKE_PREFIX_PATH=/opt/ros/humble /usr/bin/cmake --build /workspaces/engineeringMatch/build/location -- -j12 -l12
[2.792s] Invoking command in '/workspaces/engineeringMatch/build/location': CMAKE_PREFIX_PATH=/opt/ros/humble /usr/bin/cmake --install /workspaces/engineeringMatch/build/location
[2.798s] -- Install configuration: ""
[2.798s] -- Execute custom install script
[2.798s] -- Symlinking: /workspaces/engineeringMatch/install/lib/location/location
[2.806s] -- Symlinking: /workspaces/engineeringMatch/install/share/ament_index/resource_index/package_run_dependencies/location
[2.813s] -- Symlinking: /workspaces/engineeringMatch/install/share/ament_index/resource_index/parent_prefix_path/location
[2.822s] -- Symlinking: /workspaces/engineeringMatch/install/share/location/environment/ament_prefix_path.sh
[2.832s] -- Symlinking: /workspaces/engineeringMatch/install/share/location/environment/ament_prefix_path.dsv
[2.839s] -- Symlinking: /workspaces/engineeringMatch/install/share/location/environment/path.sh
[2.846s] -- Symlinking: /workspaces/engineeringMatch/install/share/location/environment/path.dsv
[2.854s] -- Symlinking: /workspaces/engineeringMatch/install/share/location/local_setup.bash
[2.861s] -- Symlinking: /workspaces/engineeringMatch/install/share/location/local_setup.sh
[2.868s] -- Symlinking: /workspaces/engineeringMatch/install/share/location/local_setup.zsh
[2.875s] -- Symlinking: /workspaces/engineeringMatch/install/share/location/local_setup.dsv
[2.882s] -- Symlinking: /workspaces/engineeringMatch/install/share/location/package.dsv
[2.889s] -- Symlinking: /workspaces/engineeringMatch/install/share/ament_index/resource_index/packages/location
[2.896s] -- Symlinking: /workspaces/engineeringMatch/install/share/location/cmake/locationConfig.cmake
[2.903s] -- Symlinking: /workspaces/engineeringMatch/install/share/location/cmake/locationConfig-version.cmake
[2.910s] -- Symlinking: /workspaces/engineeringMatch/install/share/location/package.xml
[2.920s] Invoked command in '/workspaces/engineeringMatch/build/location' returned '0': CMAKE_PREFIX_PATH=/opt/ros/humble /usr/bin/cmake --install /workspaces/engineeringMatch/build/location
