[0.010s] Invoking command in '/workspaces/engineeringMatch/build/location': CMAKE_PREFIX_PATH=/opt/ros/humble /usr/bin/cmake --build /workspaces/engineeringMatch/build/location -- -j12 -l12
[0.052s] [35m[1mConsolidate compiler generated dependencies of target location[0m
[0.073s] [ 50%] [32mBuilding CXX object CMakeFiles/location.dir/src/main.cpp.o[0m
[2.881s] [100%] [32m[1mLinking CXX executable location[0m
[2.997s] [100%] Built target location
[3.007s] Invoked command in '/workspaces/engineeringMatch/build/location' returned '0': CMAKE_PREFIX_PATH=/opt/ros/humble /usr/bin/cmake --build /workspaces/engineeringMatch/build/location -- -j12 -l12
[3.015s] Invoking command in '/workspaces/engineeringMatch/build/location': CMAKE_PREFIX_PATH=/opt/ros/humble /usr/bin/cmake --install /workspaces/engineeringMatch/build/location
[3.023s] -- Install configuration: ""
[3.023s] -- Execute custom install script
[3.023s] -- Up-to-date symlink: /workspaces/engineeringMatch/install/lib/location/location
[3.023s] -- Up-to-date symlink: /workspaces/engineeringMatch/install/share/ament_index/resource_index/package_run_dependencies/location
[3.024s] -- Up-to-date symlink: /workspaces/engineeringMatch/install/share/ament_index/resource_index/parent_prefix_path/location
[3.024s] -- Up-to-date symlink: /workspaces/engineeringMatch/install/share/location/environment/ament_prefix_path.sh
[3.024s] -- Up-to-date symlink: /workspaces/engineeringMatch/install/share/location/environment/ament_prefix_path.dsv
[3.024s] -- Up-to-date symlink: /workspaces/engineeringMatch/install/share/location/environment/path.sh
[3.025s] -- Up-to-date symlink: /workspaces/engineeringMatch/install/share/location/environment/path.dsv
[3.025s] -- Up-to-date symlink: /workspaces/engineeringMatch/install/share/location/local_setup.bash
[3.025s] -- Up-to-date symlink: /workspaces/engineeringMatch/install/share/location/local_setup.sh
[3.025s] -- Up-to-date symlink: /workspaces/engineeringMatch/install/share/location/local_setup.zsh
[3.025s] -- Up-to-date symlink: /workspaces/engineeringMatch/install/share/location/local_setup.dsv
[3.025s] -- Symlinking: /workspaces/engineeringMatch/install/share/location/package.dsv
[3.036s] -- Up-to-date symlink: /workspaces/engineeringMatch/install/share/ament_index/resource_index/packages/location
[3.036s] -- Up-to-date symlink: /workspaces/engineeringMatch/install/share/location/cmake/locationConfig.cmake
[3.036s] -- Up-to-date symlink: /workspaces/engineeringMatch/install/share/location/cmake/locationConfig-version.cmake
[3.036s] -- Up-to-date symlink: /workspaces/engineeringMatch/install/share/location/package.xml
[3.038s] Invoked command in '/workspaces/engineeringMatch/build/location' returned '0': CMAKE_PREFIX_PATH=/opt/ros/humble /usr/bin/cmake --install /workspaces/engineeringMatch/build/location
