[0.010s] Invoking command in '/workspaces/engineeringMatch/build/location': CMAKE_PREFIX_PATH=/opt/ros/humble /usr/bin/cmake --build /workspaces/engineeringMatch/build/location -- -j12 -l12
[0.065s] [ 50%] [32mBuilding CXX object CMakeFiles/location.dir/src/main.cpp.o[0m
[9.052s] [100%] [32m[1mLinking CXX executable location[0m
[9.435s] [100%] Built target location
[9.449s] Invoked command in '/workspaces/engineeringMatch/build/location' returned '0': CMAKE_PREFIX_PATH=/opt/ros/humble /usr/bin/cmake --build /workspaces/engineeringMatch/build/location -- -j12 -l12
[9.460s] Invoking command in '/workspaces/engineeringMatch/build/location': CMAKE_PREFIX_PATH=/opt/ros/humble /usr/bin/cmake --install /workspaces/engineeringMatch/build/location
[9.466s] -- Install configuration: ""
[9.467s] -- Execute custom install script
[9.467s] -- Up-to-date symlink: /workspaces/engineeringMatch/install/lib/location/location
[9.467s] -- Up-to-date symlink: /workspaces/engineeringMatch/install/share/ament_index/resource_index/package_run_dependencies/location
[9.467s] -- Up-to-date symlink: /workspaces/engineeringMatch/install/share/ament_index/resource_index/parent_prefix_path/location
[9.467s] -- Up-to-date symlink: /workspaces/engineeringMatch/install/share/location/environment/ament_prefix_path.sh
[9.468s] -- Up-to-date symlink: /workspaces/engineeringMatch/install/share/location/environment/ament_prefix_path.dsv
[9.468s] -- Up-to-date symlink: /workspaces/engineeringMatch/install/share/location/environment/path.sh
[9.468s] -- Up-to-date symlink: /workspaces/engineeringMatch/install/share/location/environment/path.dsv
[9.468s] -- Up-to-date symlink: /workspaces/engineeringMatch/install/share/location/local_setup.bash
[9.468s] -- Up-to-date symlink: /workspaces/engineeringMatch/install/share/location/local_setup.sh
[9.468s] -- Up-to-date symlink: /workspaces/engineeringMatch/install/share/location/local_setup.zsh
[9.468s] -- Up-to-date symlink: /workspaces/engineeringMatch/install/share/location/local_setup.dsv
[9.468s] -- Symlinking: /workspaces/engineeringMatch/install/share/location/package.dsv
[9.476s] -- Up-to-date symlink: /workspaces/engineeringMatch/install/share/ament_index/resource_index/packages/location
[9.477s] -- Up-to-date symlink: /workspaces/engineeringMatch/install/share/location/cmake/locationConfig.cmake
[9.477s] -- Up-to-date symlink: /workspaces/engineeringMatch/install/share/location/cmake/locationConfig-version.cmake
[9.477s] -- Up-to-date symlink: /workspaces/engineeringMatch/install/share/location/package.xml
[9.479s] Invoked command in '/workspaces/engineeringMatch/build/location' returned '0': CMAKE_PREFIX_PATH=/opt/ros/humble /usr/bin/cmake --install /workspaces/engineeringMatch/build/location
