[0.009s] Invoking command in '/workspaces/engineeringMatch/build/location': CMAKE_PREFIX_PATH=/opt/ros/humble /usr/bin/cmake --build /workspaces/engineeringMatch/build/location -- -j12 -l12
[0.051s] [35m[1mConsolidate compiler generated dependencies of target location[0m
[0.073s] [ 50%] [32mBuilding CXX object CMakeFiles/location.dir/src/main.cpp.o[0m
[8.656s] [100%] [32m[1mLinking CXX executable location[0m
[8.984s] [100%] Built target location
[8.994s] Invoked command in '/workspaces/engineeringMatch/build/location' returned '0': CMAKE_PREFIX_PATH=/opt/ros/humble /usr/bin/cmake --build /workspaces/engineeringMatch/build/location -- -j12 -l12
[9.003s] Invoking command in '/workspaces/engineeringMatch/build/location': CMAKE_PREFIX_PATH=/opt/ros/humble /usr/bin/cmake --install /workspaces/engineeringMatch/build/location
[9.009s] -- Install configuration: ""
[9.010s] -- Execute custom install script
[9.010s] -- Up-to-date symlink: /workspaces/engineeringMatch/install/lib/location/location
[9.010s] -- Up-to-date symlink: /workspaces/engineeringMatch/install/share/ament_index/resource_index/package_run_dependencies/location
[9.010s] -- Up-to-date symlink: /workspaces/engineeringMatch/install/share/ament_index/resource_index/parent_prefix_path/location
[9.010s] -- Up-to-date symlink: /workspaces/engineeringMatch/install/share/location/environment/ament_prefix_path.sh
[9.010s] -- Up-to-date symlink: /workspaces/engineeringMatch/install/share/location/environment/ament_prefix_path.dsv
[9.010s] -- Up-to-date symlink: /workspaces/engineeringMatch/install/share/location/environment/path.sh
[9.011s] -- Up-to-date symlink: /workspaces/engineeringMatch/install/share/location/environment/path.dsv
[9.011s] -- Up-to-date symlink: /workspaces/engineeringMatch/install/share/location/local_setup.bash
[9.011s] -- Up-to-date symlink: /workspaces/engineeringMatch/install/share/location/local_setup.sh
[9.011s] -- Up-to-date symlink: /workspaces/engineeringMatch/install/share/location/local_setup.zsh
[9.011s] -- Up-to-date symlink: /workspaces/engineeringMatch/install/share/location/local_setup.dsv
[9.011s] -- Symlinking: /workspaces/engineeringMatch/install/share/location/package.dsv
[9.019s] -- Up-to-date symlink: /workspaces/engineeringMatch/install/share/ament_index/resource_index/packages/location
[9.019s] -- Up-to-date symlink: /workspaces/engineeringMatch/install/share/location/cmake/locationConfig.cmake
[9.019s] -- Up-to-date symlink: /workspaces/engineeringMatch/install/share/location/cmake/locationConfig-version.cmake
[9.019s] -- Up-to-date symlink: /workspaces/engineeringMatch/install/share/location/package.xml
[9.021s] Invoked command in '/workspaces/engineeringMatch/build/location' returned '0': CMAKE_PREFIX_PATH=/opt/ros/humble /usr/bin/cmake --install /workspaces/engineeringMatch/build/location
