[0.036s] Invoking command in '/workspaces/engineeringMatch/build/location': CMAKE_PREFIX_PATH=/opt/ros/humble /usr/bin/cmake --build /workspaces/engineeringMatch/build/location -- -j12 -l12
[0.227s] [ 50%] [32mBuilding CXX object CMakeFiles/location.dir/src/main.cpp.o[0m
[8.182s] [100%] [32m[1mLinking CXX executable location[0m
[8.564s] [100%] Built target location
[8.590s] Invoked command in '/workspaces/engineeringMatch/build/location' returned '0': CMAKE_PREFIX_PATH=/opt/ros/humble /usr/bin/cmake --build /workspaces/engineeringMatch/build/location -- -j12 -l12
[8.611s] Invoking command in '/workspaces/engineeringMatch/build/location': CMAKE_PREFIX_PATH=/opt/ros/humble /usr/bin/cmake --install /workspaces/engineeringMatch/build/location
[8.625s] -- Install configuration: ""
[8.627s] -- Execute custom install script
[8.628s] -- Up-to-date symlink: /workspaces/engineeringMatch/install/lib/location/location
[8.629s] -- Up-to-date symlink: /workspaces/engineeringMatch/install/share/ament_index/resource_index/package_run_dependencies/location
[8.629s] -- Up-to-date symlink: /workspaces/engineeringMatch/install/share/ament_index/resource_index/parent_prefix_path/location
[8.630s] -- Up-to-date symlink: /workspaces/engineeringMatch/install/share/location/environment/ament_prefix_path.sh
[8.630s] -- Up-to-date symlink: /workspaces/engineeringMatch/install/share/location/environment/ament_prefix_path.dsv
[8.631s] -- Up-to-date symlink: /workspaces/engineeringMatch/install/share/location/environment/path.sh
[8.632s] -- Up-to-date symlink: /workspaces/engineeringMatch/install/share/location/environment/path.dsv
[8.632s] -- Up-to-date symlink: /workspaces/engineeringMatch/install/share/location/local_setup.bash
[8.633s] -- Up-to-date symlink: /workspaces/engineeringMatch/install/share/location/local_setup.sh
[8.633s] -- Up-to-date symlink: /workspaces/engineeringMatch/install/share/location/local_setup.zsh
[8.634s] -- Up-to-date symlink: /workspaces/engineeringMatch/install/share/location/local_setup.dsv
[8.634s] -- Symlinking: /workspaces/engineeringMatch/install/share/location/package.dsv
[8.654s] -- Up-to-date symlink: /workspaces/engineeringMatch/install/share/ament_index/resource_index/packages/location
[8.655s] -- Up-to-date symlink: /workspaces/engineeringMatch/install/share/location/cmake/locationConfig.cmake
[8.655s] -- Up-to-date symlink: /workspaces/engineeringMatch/install/share/location/cmake/locationConfig-version.cmake
[8.655s] -- Up-to-date symlink: /workspaces/engineeringMatch/install/share/location/package.xml
[8.661s] Invoked command in '/workspaces/engineeringMatch/build/location' returned '0': CMAKE_PREFIX_PATH=/opt/ros/humble /usr/bin/cmake --install /workspaces/engineeringMatch/build/location
