[0.010s] Invoking command in '/workspaces/engineeringMatch/build/location': CMAKE_PREFIX_PATH=/opt/ros/humble /usr/bin/cmake --build /workspaces/engineeringMatch/build/location -- -j12 -l12
[0.054s] [35m[1mConsolidate compiler generated dependencies of target location[0m
[0.078s] [ 50%] [32mBuilding CXX object CMakeFiles/location.dir/src/main.cpp.o[0m
[8.752s] [100%] [32m[1mLinking CXX executable location[0m
[9.121s] [100%] Built target location
[9.131s] Invoked command in '/workspaces/engineeringMatch/build/location' returned '0': CMAKE_PREFIX_PATH=/opt/ros/humble /usr/bin/cmake --build /workspaces/engineeringMatch/build/location -- -j12 -l12
[9.141s] Invoking command in '/workspaces/engineeringMatch/build/location': CMAKE_PREFIX_PATH=/opt/ros/humble /usr/bin/cmake --install /workspaces/engineeringMatch/build/location
[9.149s] -- Install configuration: ""
[9.149s] -- Execute custom install script
[9.149s] -- Up-to-date symlink: /workspaces/engineeringMatch/install/lib/location/location
[9.150s] -- Up-to-date symlink: /workspaces/engineeringMatch/install/share/ament_index/resource_index/package_run_dependencies/location
[9.150s] -- Up-to-date symlink: /workspaces/engineeringMatch/install/share/ament_index/resource_index/parent_prefix_path/location
[9.151s] -- Up-to-date symlink: /workspaces/engineeringMatch/install/share/location/environment/ament_prefix_path.sh
[9.151s] -- Up-to-date symlink: /workspaces/engineeringMatch/install/share/location/environment/ament_prefix_path.dsv
[9.151s] -- Up-to-date symlink: /workspaces/engineeringMatch/install/share/location/environment/path.sh
[9.151s] -- Up-to-date symlink: /workspaces/engineeringMatch/install/share/location/environment/path.dsv
[9.152s] -- Up-to-date symlink: /workspaces/engineeringMatch/install/share/location/local_setup.bash
[9.152s] -- Up-to-date symlink: /workspaces/engineeringMatch/install/share/location/local_setup.sh
[9.152s] -- Up-to-date symlink: /workspaces/engineeringMatch/install/share/location/local_setup.zsh
[9.152s] -- Up-to-date symlink: /workspaces/engineeringMatch/install/share/location/local_setup.dsv
[9.152s] -- Symlinking: /workspaces/engineeringMatch/install/share/location/package.dsv
[9.163s] -- Up-to-date symlink: /workspaces/engineeringMatch/install/share/ament_index/resource_index/packages/location
[9.163s] -- Up-to-date symlink: /workspaces/engineeringMatch/install/share/location/cmake/locationConfig.cmake
[9.163s] -- Up-to-date symlink: /workspaces/engineeringMatch/install/share/location/cmake/locationConfig-version.cmake
[9.163s] -- Up-to-date symlink: /workspaces/engineeringMatch/install/share/location/package.xml
[9.165s] Invoked command in '/workspaces/engineeringMatch/build/location' returned '0': CMAKE_PREFIX_PATH=/opt/ros/humble /usr/bin/cmake --install /workspaces/engineeringMatch/build/location
