[0.009s] Invoking command in '/workspaces/engineeringMatch/build/location': CMAKE_PREFIX_PATH=/opt/ros/humble /usr/bin/cmake --build /workspaces/engineeringMatch/build/location -- -j12 -l12
[0.049s] [35m[1mConsolidate compiler generated dependencies of target location[0m
[0.069s] [ 50%] [32mBuilding CXX object CMakeFiles/location.dir/src/main.cpp.o[0m
[2.248s] In file included from [01m[K/workspaces/engineeringMatch/ws/location/src/main.cpp:2[m[K:
[2.248s] [01m[K/workspaces/engineeringMatch/ws/location/src/imu/imu_handler.hpp:[m[K In member function ‘[01m[Kvoid engineering_match::imu::IMUHandler::data_callback(std_msgs::msg::Int32_<std::allocator<void> >::SharedPtr)[m[K’:
[2.248s] [01m[K/workspaces/engineeringMatch/ws/location/src/imu/imu_handler.hpp:15:62:[m[K [01;35m[Kwarning: [m[Kunused parameter ‘[01m[Kmsg[m[K’ [[01;35m[K]8;;https://gcc.gnu.org/onlinedocs/gcc/Warning-Options.html#index-Wunused-parameter-Wunused-parameter]8;;[m[K]
[2.248s]    15 |     void data_callback([01;35m[Kconst std_msgs::msg::Int32::SharedPtr msg[m[K)
[2.248s]       |                        [01;35m[K~~~~~~~~~~~~~~~~~~~~~~~~~~~~~~~~~~~~~~^~~[m[K
[7.082s] [100%] [32m[1mLinking CXX executable location[0m
[7.434s] [100%] Built target location
[7.447s] Invoked command in '/workspaces/engineeringMatch/build/location' returned '0': CMAKE_PREFIX_PATH=/opt/ros/humble /usr/bin/cmake --build /workspaces/engineeringMatch/build/location -- -j12 -l12
[7.456s] Invoking command in '/workspaces/engineeringMatch/build/location': CMAKE_PREFIX_PATH=/opt/ros/humble /usr/bin/cmake --install /workspaces/engineeringMatch/build/location
[7.462s] -- Install configuration: ""
[7.463s] -- Execute custom install script
[7.463s] -- Up-to-date symlink: /workspaces/engineeringMatch/install/lib/location/location
[7.463s] -- Up-to-date symlink: /workspaces/engineeringMatch/install/share/ament_index/resource_index/package_run_dependencies/location
[7.463s] -- Up-to-date symlink: /workspaces/engineeringMatch/install/share/ament_index/resource_index/parent_prefix_path/location
[7.463s] -- Up-to-date symlink: /workspaces/engineeringMatch/install/share/location/environment/ament_prefix_path.sh
[7.463s] -- Up-to-date symlink: /workspaces/engineeringMatch/install/share/location/environment/ament_prefix_path.dsv
[7.464s] -- Up-to-date symlink: /workspaces/engineeringMatch/install/share/location/environment/path.sh
[7.464s] -- Up-to-date symlink: /workspaces/engineeringMatch/install/share/location/environment/path.dsv
[7.464s] -- Up-to-date symlink: /workspaces/engineeringMatch/install/share/location/local_setup.bash
[7.464s] -- Up-to-date symlink: /workspaces/engineeringMatch/install/share/location/local_setup.sh
[7.464s] -- Up-to-date symlink: /workspaces/engineeringMatch/install/share/location/local_setup.zsh
[7.464s] -- Up-to-date symlink: /workspaces/engineeringMatch/install/share/location/local_setup.dsv
[7.464s] -- Symlinking: /workspaces/engineeringMatch/install/share/location/package.dsv
[7.471s] -- Up-to-date symlink: /workspaces/engineeringMatch/install/share/ament_index/resource_index/packages/location
[7.471s] -- Up-to-date symlink: /workspaces/engineeringMatch/install/share/location/cmake/locationConfig.cmake
[7.472s] -- Up-to-date symlink: /workspaces/engineeringMatch/install/share/location/cmake/locationConfig-version.cmake
[7.472s] -- Up-to-date symlink: /workspaces/engineeringMatch/install/share/location/package.xml
[7.473s] Invoked command in '/workspaces/engineeringMatch/build/location' returned '0': CMAKE_PREFIX_PATH=/opt/ros/humble /usr/bin/cmake --install /workspaces/engineeringMatch/build/location
