[0.009s] Invoking command in '/workspaces/engineeringMatch/build/location': CMAKE_PREFIX_PATH=/opt/ros/humble /usr/bin/cmake --build /workspaces/engineeringMatch/build/location -- -j12 -l12
[0.049s] [35m[1mConsolidate compiler generated dependencies of target location[0m
[0.071s] [ 50%] [32mBuilding CXX object CMakeFiles/location.dir/src/main.cpp.o[0m
[7.143s] [100%] [32m[1mLinking CXX executable location[0m
[7.475s] [100%] Built target location
[7.485s] Invoked command in '/workspaces/engineeringMatch/build/location' returned '0': CMAKE_PREFIX_PATH=/opt/ros/humble /usr/bin/cmake --build /workspaces/engineeringMatch/build/location -- -j12 -l12
[7.493s] Invoking command in '/workspaces/engineeringMatch/build/location': CMAKE_PREFIX_PATH=/opt/ros/humble /usr/bin/cmake --install /workspaces/engineeringMatch/build/location
[7.499s] -- Install configuration: ""
[7.500s] -- Execute custom install script
[7.500s] -- Up-to-date symlink: /workspaces/engineeringMatch/install/lib/location/location
[7.500s] -- Up-to-date symlink: /workspaces/engineeringMatch/install/share/ament_index/resource_index/package_run_dependencies/location
[7.500s] -- Up-to-date symlink: /workspaces/engineeringMatch/install/share/ament_index/resource_index/parent_prefix_path/location
[7.500s] -- Up-to-date symlink: /workspaces/engineeringMatch/install/share/location/environment/ament_prefix_path.sh
[7.500s] -- Up-to-date symlink: /workspaces/engineeringMatch/install/share/location/environment/ament_prefix_path.dsv
[7.501s] -- Up-to-date symlink: /workspaces/engineeringMatch/install/share/location/environment/path.sh
[7.501s] -- Up-to-date symlink: /workspaces/engineeringMatch/install/share/location/environment/path.dsv
[7.501s] -- Up-to-date symlink: /workspaces/engineeringMatch/install/share/location/local_setup.bash
[7.501s] -- Up-to-date symlink: /workspaces/engineeringMatch/install/share/location/local_setup.sh
[7.501s] -- Up-to-date symlink: /workspaces/engineeringMatch/install/share/location/local_setup.zsh
[7.501s] -- Up-to-date symlink: /workspaces/engineeringMatch/install/share/location/local_setup.dsv
[7.501s] -- Symlinking: /workspaces/engineeringMatch/install/share/location/package.dsv
[7.508s] -- Up-to-date symlink: /workspaces/engineeringMatch/install/share/ament_index/resource_index/packages/location
[7.508s] -- Up-to-date symlink: /workspaces/engineeringMatch/install/share/location/cmake/locationConfig.cmake
[7.508s] -- Up-to-date symlink: /workspaces/engineeringMatch/install/share/location/cmake/locationConfig-version.cmake
[7.509s] -- Up-to-date symlink: /workspaces/engineeringMatch/install/share/location/package.xml
[7.510s] Invoked command in '/workspaces/engineeringMatch/build/location' returned '0': CMAKE_PREFIX_PATH=/opt/ros/humble /usr/bin/cmake --install /workspaces/engineeringMatch/build/location
