[0.106s] DEBUG:colcon:Command line arguments: ['/usr/bin/colcon', 'build', '--symlink-install', '--merge-install']
[0.106s] DEBUG:colcon:Parsed command line arguments: Namespace(log_base=None, log_level=None, verb_name='build', build_base='build', install_base='install', merge_install=True, symlink_install=True, test_result_base=None, continue_on_error=False, executor='parallel', parallel_workers=12, event_handlers=None, ignore_user_meta=False, metas=['./colcon.meta'], base_paths=['.'], packages_ignore=None, packages_ignore_regex=None, paths=None, packages_up_to=None, packages_up_to_regex=None, packages_above=None, packages_above_and_dependencies=None, packages_above_depth=None, packages_select_by_dep=None, packages_skip_by_dep=None, packages_skip_up_to=None, packages_select_build_failed=False, packages_skip_build_finished=False, packages_select_test_failures=False, packages_skip_test_passed=False, packages_select=None, packages_skip=None, packages_select_regex=None, packages_skip_regex=None, packages_start=None, packages_end=None, cmake_args=None, cmake_target=None, cmake_target_skip_unavailable=False, cmake_clean_cache=False, cmake_clean_first=False, cmake_force_configure=False, ament_cmake_args=None, catkin_cmake_args=None, catkin_skip_building_tests=False, mixin_files=None, mixin=None, verb_parser=<colcon_mixin.mixin.mixin_argument.MixinArgumentDecorator object at 0x7ae50ef11d80>, verb_extension=<colcon_core.verb.build.BuildVerb object at 0x7ae50ef11780>, main=<bound method BuildVerb.main of <colcon_core.verb.build.BuildVerb object at 0x7ae50ef11780>>, mixin_verb=('build',))
[0.205s] Level 1:colcon.colcon_core.package_discovery:discover_packages(colcon_meta) check parameters
[0.206s] INFO:colcon.colcon_metadata.package_discovery.colcon_meta:Using configuration from '/root/.colcon/metadata/default/Gazebo.meta'
[0.206s] INFO:colcon.colcon_metadata.package_discovery.colcon_meta:Using configuration from '/root/.colcon/metadata/default/fastdds.meta'
[0.207s] INFO:colcon.colcon_metadata.package_discovery.colcon_meta:Using configuration from '/root/.colcon/metadata/default/fastrtps.meta'
[0.207s] Level 1:colcon.colcon_core.package_discovery:discover_packages(recursive) check parameters
[0.207s] Level 1:colcon.colcon_core.package_discovery:discover_packages(ignore) check parameters
[0.207s] Level 1:colcon.colcon_core.package_discovery:discover_packages(path) check parameters
[0.207s] Level 1:colcon.colcon_core.package_discovery:discover_packages(colcon_meta) discover
[0.207s] Level 1:colcon.colcon_core.package_discovery:discover_packages(recursive) discover
[0.207s] INFO:colcon.colcon_core.package_discovery:Crawling recursively for packages in '/workspaces/engineeringMatch'
[0.207s] Level 1:colcon.colcon_core.package_identification:_identify(.) by extensions ['ignore', 'ignore_ament_install']
[0.207s] Level 1:colcon.colcon_core.package_identification:_identify(.) by extension 'ignore'
[0.207s] Level 1:colcon.colcon_core.package_identification:_identify(.) by extension 'ignore_ament_install'
[0.207s] Level 1:colcon.colcon_core.package_identification:_identify(.) by extensions ['colcon_pkg']
[0.207s] Level 1:colcon.colcon_core.package_identification:_identify(.) by extension 'colcon_pkg'
[0.207s] Level 1:colcon.colcon_core.package_identification:_identify(.) by extensions ['colcon_meta']
[0.207s] Level 1:colcon.colcon_core.package_identification:_identify(.) by extension 'colcon_meta'
[0.207s] Level 1:colcon.colcon_core.package_identification:_identify(.) by extensions ['ros']
[0.207s] Level 1:colcon.colcon_core.package_identification:_identify(.) by extension 'ros'
[0.216s] Level 1:colcon.colcon_core.package_identification:_identify(.) by extensions ['cmake', 'python']
[0.216s] Level 1:colcon.colcon_core.package_identification:_identify(.) by extension 'cmake'
[0.216s] Level 1:colcon.colcon_core.package_identification:_identify(.) by extension 'python'
[0.216s] Level 1:colcon.colcon_core.package_identification:_identify(.) by extensions ['python_setup_py']
[0.216s] Level 1:colcon.colcon_core.package_identification:_identify(.) by extension 'python_setup_py'
[0.217s] Level 1:colcon.colcon_core.package_identification:_identify(build) by extensions ['ignore', 'ignore_ament_install']
[0.217s] Level 1:colcon.colcon_core.package_identification:_identify(build) by extension 'ignore'
[0.217s] Level 1:colcon.colcon_core.package_identification:_identify(build) ignored
[0.217s] Level 1:colcon.colcon_core.package_identification:_identify(install) by extensions ['ignore', 'ignore_ament_install']
[0.217s] Level 1:colcon.colcon_core.package_identification:_identify(install) by extension 'ignore'
[0.217s] Level 1:colcon.colcon_core.package_identification:_identify(install) ignored
[0.217s] Level 1:colcon.colcon_core.package_identification:_identify(log) by extensions ['ignore', 'ignore_ament_install']
[0.217s] Level 1:colcon.colcon_core.package_identification:_identify(log) by extension 'ignore'
[0.217s] Level 1:colcon.colcon_core.package_identification:_identify(log) ignored
[0.217s] Level 1:colcon.colcon_core.package_identification:_identify(ws) by extensions ['ignore', 'ignore_ament_install']
[0.217s] Level 1:colcon.colcon_core.package_identification:_identify(ws) by extension 'ignore'
[0.217s] Level 1:colcon.colcon_core.package_identification:_identify(ws) by extension 'ignore_ament_install'
[0.218s] Level 1:colcon.colcon_core.package_identification:_identify(ws) by extensions ['colcon_pkg']
[0.218s] Level 1:colcon.colcon_core.package_identification:_identify(ws) by extension 'colcon_pkg'
[0.218s] Level 1:colcon.colcon_core.package_identification:_identify(ws) by extensions ['colcon_meta']
[0.218s] Level 1:colcon.colcon_core.package_identification:_identify(ws) by extension 'colcon_meta'
[0.218s] Level 1:colcon.colcon_core.package_identification:_identify(ws) by extensions ['ros']
[0.218s] Level 1:colcon.colcon_core.package_identification:_identify(ws) by extension 'ros'
[0.218s] Level 1:colcon.colcon_core.package_identification:_identify(ws) by extensions ['cmake', 'python']
[0.218s] Level 1:colcon.colcon_core.package_identification:_identify(ws) by extension 'cmake'
[0.218s] Level 1:colcon.colcon_core.package_identification:_identify(ws) by extension 'python'
[0.218s] Level 1:colcon.colcon_core.package_identification:_identify(ws) by extensions ['python_setup_py']
[0.218s] Level 1:colcon.colcon_core.package_identification:_identify(ws) by extension 'python_setup_py'
[0.218s] Level 1:colcon.colcon_core.package_identification:_identify(ws/location) by extensions ['ignore', 'ignore_ament_install']
[0.218s] Level 1:colcon.colcon_core.package_identification:_identify(ws/location) by extension 'ignore'
[0.218s] Level 1:colcon.colcon_core.package_identification:_identify(ws/location) by extension 'ignore_ament_install'
[0.218s] Level 1:colcon.colcon_core.package_identification:_identify(ws/location) by extensions ['colcon_pkg']
[0.218s] Level 1:colcon.colcon_core.package_identification:_identify(ws/location) by extension 'colcon_pkg'
[0.218s] Level 1:colcon.colcon_core.package_identification:_identify(ws/location) by extensions ['colcon_meta']
[0.218s] Level 1:colcon.colcon_core.package_identification:_identify(ws/location) by extension 'colcon_meta'
[0.218s] Level 1:colcon.colcon_core.package_identification:_identify(ws/location) by extensions ['ros']
[0.218s] Level 1:colcon.colcon_core.package_identification:_identify(ws/location) by extension 'ros'
[0.220s] DEBUG:colcon.colcon_core.package_identification:Package 'ws/location' with type 'ros.ament_cmake' and name 'location'
[0.221s] Level 1:colcon.colcon_core.package_discovery:discover_packages(recursive) using defaults
[0.221s] Level 1:colcon.colcon_core.package_discovery:discover_packages(ignore) discover
[0.221s] Level 1:colcon.colcon_core.package_discovery:discover_packages(ignore) using defaults
[0.221s] Level 1:colcon.colcon_core.package_discovery:discover_packages(path) discover
[0.221s] Level 1:colcon.colcon_core.package_discovery:discover_packages(path) using defaults
[0.237s] Level 5:colcon.colcon_core.verb:set package 'location' build argument 'cmake_args' from command line to 'None'
[0.237s] Level 5:colcon.colcon_core.verb:set package 'location' build argument 'cmake_target' from command line to 'None'
[0.237s] Level 5:colcon.colcon_core.verb:set package 'location' build argument 'cmake_target_skip_unavailable' from command line to 'False'
[0.237s] Level 5:colcon.colcon_core.verb:set package 'location' build argument 'cmake_clean_cache' from command line to 'False'
[0.237s] Level 5:colcon.colcon_core.verb:set package 'location' build argument 'cmake_clean_first' from command line to 'False'
[0.237s] Level 5:colcon.colcon_core.verb:set package 'location' build argument 'cmake_force_configure' from command line to 'False'
[0.237s] Level 5:colcon.colcon_core.verb:set package 'location' build argument 'ament_cmake_args' from command line to 'None'
[0.237s] Level 5:colcon.colcon_core.verb:set package 'location' build argument 'catkin_cmake_args' from command line to 'None'
[0.237s] Level 5:colcon.colcon_core.verb:set package 'location' build argument 'catkin_skip_building_tests' from command line to 'False'
[0.237s] DEBUG:colcon.colcon_core.verb:Building package 'location' with the following arguments: {'ament_cmake_args': None, 'build_base': '/workspaces/engineeringMatch/build/location', 'catkin_cmake_args': None, 'catkin_skip_building_tests': False, 'cmake_args': None, 'cmake_clean_cache': False, 'cmake_clean_first': False, 'cmake_force_configure': False, 'cmake_target': None, 'cmake_target_skip_unavailable': False, 'install_base': '/workspaces/engineeringMatch/install', 'merge_install': True, 'path': '/workspaces/engineeringMatch/ws/location', 'symlink_install': True, 'test_result_base': None}
[0.237s] INFO:colcon.colcon_core.executor:Executing jobs using 'parallel' executor
[0.238s] DEBUG:colcon.colcon_parallel_executor.executor.parallel:run_until_complete
[0.238s] INFO:colcon.colcon_ros.task.ament_cmake.build:Building ROS package in '/workspaces/engineeringMatch/ws/location' with build type 'ament_cmake'
[0.238s] INFO:colcon.colcon_cmake.task.cmake.build:Building CMake package in '/workspaces/engineeringMatch/ws/location'
[0.240s] INFO:colcon.colcon_core.plugin_system:Skipping extension 'colcon_core.shell.bat': Not used on non-Windows systems
[0.240s] INFO:colcon.colcon_core.shell:Skip shell extension 'powershell' for command environment: Not usable outside of PowerShell
[0.240s] DEBUG:colcon.colcon_core.shell:Skip shell extension 'dsv' for command environment
[0.247s] DEBUG:colcon.colcon_core.event_handler.log_command:Invoking command in '/workspaces/engineeringMatch/build/location': CMAKE_PREFIX_PATH=/opt/ros/humble /usr/bin/cmake --build /workspaces/engineeringMatch/build/location -- -j12 -l12
[11.371s] DEBUG:colcon.colcon_core.event_handler.log_command:Invoked command in '/workspaces/engineeringMatch/build/location' returned '0': CMAKE_PREFIX_PATH=/opt/ros/humble /usr/bin/cmake --build /workspaces/engineeringMatch/build/location -- -j12 -l12
[11.379s] DEBUG:colcon.colcon_core.event_handler.log_command:Invoking command in '/workspaces/engineeringMatch/build/location': CMAKE_PREFIX_PATH=/opt/ros/humble /usr/bin/cmake --install /workspaces/engineeringMatch/build/location
[11.399s] Level 1:colcon.colcon_core.environment:create_environment_scripts_only(location)
[11.399s] DEBUG:colcon.colcon_core.event_handler.log_command:Invoked command in '/workspaces/engineeringMatch/build/location' returned '0': CMAKE_PREFIX_PATH=/opt/ros/humble /usr/bin/cmake --install /workspaces/engineeringMatch/build/location
[11.401s] Level 1:colcon.colcon_core.environment:checking '/workspaces/engineeringMatch/install' for CMake module files
[11.402s] Level 1:colcon.colcon_core.environment:checking '/workspaces/engineeringMatch/install' for CMake config files
[11.402s] Level 1:colcon.colcon_core.shell:create_environment_hook('location', 'cmake_prefix_path')
[11.402s] INFO:colcon.colcon_core.shell:Creating environment hook '/workspaces/engineeringMatch/install/share/location/hook/cmake_prefix_path.ps1'
[11.403s] INFO:colcon.colcon_core.shell:Creating environment descriptor '/workspaces/engineeringMatch/install/share/location/hook/cmake_prefix_path.dsv'
[11.403s] INFO:colcon.colcon_core.shell:Creating environment hook '/workspaces/engineeringMatch/install/share/location/hook/cmake_prefix_path.sh'
[11.404s] Level 1:colcon.colcon_core.environment:checking '/workspaces/engineeringMatch/install/lib'
[11.404s] Level 1:colcon.colcon_core.environment:checking '/workspaces/engineeringMatch/install/bin'
[11.404s] Level 1:colcon.colcon_core.environment:checking '/workspaces/engineeringMatch/install/lib/pkgconfig/location.pc'
[11.405s] Level 1:colcon.colcon_core.environment:checking '/workspaces/engineeringMatch/install/lib/python3.10/site-packages'
[11.406s] Level 1:colcon.colcon_core.environment:checking '/workspaces/engineeringMatch/install/bin'
[11.406s] INFO:colcon.colcon_core.shell:Creating package script '/workspaces/engineeringMatch/install/share/location/package.ps1'
[11.406s] INFO:colcon.colcon_core.shell:Creating package descriptor '/workspaces/engineeringMatch/install/share/location/package.dsv'
[11.407s] INFO:colcon.colcon_core.shell:Creating package script '/workspaces/engineeringMatch/install/share/location/package.sh'
[11.407s] INFO:colcon.colcon_core.shell:Creating package script '/workspaces/engineeringMatch/install/share/location/package.bash'
[11.408s] INFO:colcon.colcon_core.shell:Creating package script '/workspaces/engineeringMatch/install/share/location/package.zsh'
[11.408s] Level 1:colcon.colcon_core.environment:create_file_with_runtime_dependencies(/workspaces/engineeringMatch/install/share/colcon-core/packages/location)
[11.409s] Level 1:colcon.colcon_core.environment:create_environment_scripts_only(location)
[11.409s] Level 1:colcon.colcon_core.environment:checking '/workspaces/engineeringMatch/install' for CMake module files
[11.409s] Level 1:colcon.colcon_core.environment:checking '/workspaces/engineeringMatch/install' for CMake config files
[11.410s] Level 1:colcon.colcon_core.shell:create_environment_hook('location', 'cmake_prefix_path')
[11.410s] INFO:colcon.colcon_core.shell:Creating environment hook '/workspaces/engineeringMatch/install/share/location/hook/cmake_prefix_path.ps1'
[11.410s] INFO:colcon.colcon_core.shell:Creating environment descriptor '/workspaces/engineeringMatch/install/share/location/hook/cmake_prefix_path.dsv'
[11.410s] INFO:colcon.colcon_core.shell:Creating environment hook '/workspaces/engineeringMatch/install/share/location/hook/cmake_prefix_path.sh'
[11.411s] Level 1:colcon.colcon_core.environment:checking '/workspaces/engineeringMatch/install/lib'
[11.411s] Level 1:colcon.colcon_core.environment:checking '/workspaces/engineeringMatch/install/bin'
[11.411s] Level 1:colcon.colcon_core.environment:checking '/workspaces/engineeringMatch/install/lib/pkgconfig/location.pc'
[11.411s] Level 1:colcon.colcon_core.environment:checking '/workspaces/engineeringMatch/install/lib/python3.10/site-packages'
[11.411s] Level 1:colcon.colcon_core.environment:checking '/workspaces/engineeringMatch/install/bin'
[11.411s] INFO:colcon.colcon_core.shell:Creating package script '/workspaces/engineeringMatch/install/share/location/package.ps1'
[11.412s] INFO:colcon.colcon_core.shell:Creating package descriptor '/workspaces/engineeringMatch/install/share/location/package.dsv'
[11.412s] INFO:colcon.colcon_core.shell:Creating package script '/workspaces/engineeringMatch/install/share/location/package.sh'
[11.413s] INFO:colcon.colcon_core.shell:Creating package script '/workspaces/engineeringMatch/install/share/location/package.bash'
[11.413s] INFO:colcon.colcon_core.shell:Creating package script '/workspaces/engineeringMatch/install/share/location/package.zsh'
[11.413s] Level 1:colcon.colcon_core.environment:create_file_with_runtime_dependencies(/workspaces/engineeringMatch/install/share/colcon-core/packages/location)
[11.414s] DEBUG:colcon.colcon_parallel_executor.executor.parallel:closing loop
[11.415s] DEBUG:colcon.colcon_parallel_executor.executor.parallel:loop closed
[11.415s] DEBUG:colcon.colcon_parallel_executor.executor.parallel:run_until_complete finished with '0'
[11.415s] DEBUG:colcon.colcon_core.event_reactor:joining thread
[11.420s] INFO:colcon.colcon_core.plugin_system:Skipping extension 'colcon_notification.desktop_notification.notify_send': Could not find 'notify-send'
[11.420s] INFO:colcon.colcon_core.plugin_system:Skipping extension 'colcon_notification.desktop_notification.terminal_notifier': Not used on non-Darwin systems
[11.420s] INFO:colcon.colcon_core.plugin_system:Skipping extension 'colcon_notification.desktop_notification.win32': Not used on non-Windows systems
[11.420s] INFO:colcon.colcon_notification.desktop_notification:Sending desktop notification using 'notify2'
[11.422s] DEBUG:colcon.colcon_notification.desktop_notification.notify2:Failed to initialize notify2: org.freedesktop.DBus.Error.Spawn.ExecFailed: /usr/bin/dbus-launch terminated abnormally without any error message
[11.422s] DEBUG:colcon.colcon_core.event_reactor:joined thread
[11.423s] INFO:colcon.colcon_core.shell:Creating prefix script '/workspaces/engineeringMatch/install/local_setup.ps1'
[11.424s] INFO:colcon.colcon_core.shell:Creating prefix util module '/workspaces/engineeringMatch/install/_local_setup_util_ps1.py'
[11.426s] INFO:colcon.colcon_core.shell:Creating prefix chain script '/workspaces/engineeringMatch/install/setup.ps1'
[11.427s] INFO:colcon.colcon_core.shell:Creating prefix script '/workspaces/engineeringMatch/install/local_setup.sh'
[11.427s] INFO:colcon.colcon_core.shell:Creating prefix util module '/workspaces/engineeringMatch/install/_local_setup_util_sh.py'
[11.428s] INFO:colcon.colcon_core.shell:Creating prefix chain script '/workspaces/engineeringMatch/install/setup.sh'
[11.428s] INFO:colcon.colcon_core.shell:Creating prefix script '/workspaces/engineeringMatch/install/local_setup.bash'
[11.429s] INFO:colcon.colcon_core.shell:Creating prefix chain script '/workspaces/engineeringMatch/install/setup.bash'
[11.430s] INFO:colcon.colcon_core.shell:Creating prefix script '/workspaces/engineeringMatch/install/local_setup.zsh'
[11.430s] INFO:colcon.colcon_core.shell:Creating prefix chain script '/workspaces/engineeringMatch/install/setup.zsh'
