[0.009s] Invoking command in '/workspaces/engineeringMatch/build/location': CMAKE_PREFIX_PATH=/opt/ros/humble /usr/bin/cmake --build /workspaces/engineeringMatch/build/location -- -j12 -l12
[0.049s] [35m[1mConsolidate compiler generated dependencies of target location[0m
[0.068s] [ 50%] [32mBuilding CXX object CMakeFiles/location.dir/src/main.cpp.o[0m
[2.109s] [100%] [32m[1mLinking CXX executable location[0m
[2.224s] [100%] Built target location
[2.237s] Invoked command in '/workspaces/engineeringMatch/build/location' returned '0': CMAKE_PREFIX_PATH=/opt/ros/humble /usr/bin/cmake --build /workspaces/engineeringMatch/build/location -- -j12 -l12
[2.245s] Invoking command in '/workspaces/engineeringMatch/build/location': CMAKE_PREFIX_PATH=/opt/ros/humble /usr/bin/cmake --install /workspaces/engineeringMatch/build/location
[2.251s] -- Install configuration: ""
[2.252s] -- Execute custom install script
[2.252s] -- Up-to-date symlink: /workspaces/engineeringMatch/install/lib/location/location
[2.252s] -- Up-to-date symlink: /workspaces/engineeringMatch/install/share/ament_index/resource_index/package_run_dependencies/location
[2.252s] -- Up-to-date symlink: /workspaces/engineeringMatch/install/share/ament_index/resource_index/parent_prefix_path/location
[2.252s] -- Up-to-date symlink: /workspaces/engineeringMatch/install/share/location/environment/ament_prefix_path.sh
[2.253s] -- Up-to-date symlink: /workspaces/engineeringMatch/install/share/location/environment/ament_prefix_path.dsv
[2.253s] -- Up-to-date symlink: /workspaces/engineeringMatch/install/share/location/environment/path.sh
[2.253s] -- Up-to-date symlink: /workspaces/engineeringMatch/install/share/location/environment/path.dsv
[2.253s] -- Up-to-date symlink: /workspaces/engineeringMatch/install/share/location/local_setup.bash
[2.253s] -- Up-to-date symlink: /workspaces/engineeringMatch/install/share/location/local_setup.sh
[2.253s] -- Up-to-date symlink: /workspaces/engineeringMatch/install/share/location/local_setup.zsh
[2.253s] -- Up-to-date symlink: /workspaces/engineeringMatch/install/share/location/local_setup.dsv
[2.253s] -- Symlinking: /workspaces/engineeringMatch/install/share/location/package.dsv
[2.262s] -- Up-to-date symlink: /workspaces/engineeringMatch/install/share/ament_index/resource_index/packages/location
[2.262s] -- Up-to-date symlink: /workspaces/engineeringMatch/install/share/location/cmake/locationConfig.cmake
[2.262s] -- Up-to-date symlink: /workspaces/engineeringMatch/install/share/location/cmake/locationConfig-version.cmake
[2.262s] -- Up-to-date symlink: /workspaces/engineeringMatch/install/share/location/package.xml
[2.264s] Invoked command in '/workspaces/engineeringMatch/build/location' returned '0': CMAKE_PREFIX_PATH=/opt/ros/humble /usr/bin/cmake --install /workspaces/engineeringMatch/build/location
