[0.009s] Invoking command in '/workspaces/engineeringMatch/build/location': CMAKE_PREFIX_PATH=/opt/ros/humble /usr/bin/cmake --build /workspaces/engineeringMatch/build/location -- -j12 -l12
[0.065s] [ 50%] [32mBuilding CXX object CMakeFiles/location.dir/src/main.cpp.o[0m
[8.478s] [100%] [32m[1mLinking CXX executable location[0m
[8.840s] [100%] Built target location
[8.854s] Invoked command in '/workspaces/engineeringMatch/build/location' returned '0': CMAKE_PREFIX_PATH=/opt/ros/humble /usr/bin/cmake --build /workspaces/engineeringMatch/build/location -- -j12 -l12
[8.865s] Invoking command in '/workspaces/engineeringMatch/build/location': CMAKE_PREFIX_PATH=/opt/ros/humble /usr/bin/cmake --install /workspaces/engineeringMatch/build/location
[8.873s] -- Install configuration: ""
[8.873s] -- Execute custom install script
[8.874s] -- Up-to-date symlink: /workspaces/engineeringMatch/install/lib/location/location
[8.874s] -- Up-to-date symlink: /workspaces/engineeringMatch/install/share/ament_index/resource_index/package_run_dependencies/location
[8.874s] -- Up-to-date symlink: /workspaces/engineeringMatch/install/share/ament_index/resource_index/parent_prefix_path/location
[8.874s] -- Up-to-date symlink: /workspaces/engineeringMatch/install/share/location/environment/ament_prefix_path.sh
[8.874s] -- Up-to-date symlink: /workspaces/engineeringMatch/install/share/location/environment/ament_prefix_path.dsv
[8.874s] -- Up-to-date symlink: /workspaces/engineeringMatch/install/share/location/environment/path.sh
[8.874s] -- Up-to-date symlink: /workspaces/engineeringMatch/install/share/location/environment/path.dsv
[8.875s] -- Up-to-date symlink: /workspaces/engineeringMatch/install/share/location/local_setup.bash
[8.875s] -- Up-to-date symlink: /workspaces/engineeringMatch/install/share/location/local_setup.sh
[8.875s] -- Up-to-date symlink: /workspaces/engineeringMatch/install/share/location/local_setup.zsh
[8.875s] -- Up-to-date symlink: /workspaces/engineeringMatch/install/share/location/local_setup.dsv
[8.875s] -- Symlinking: /workspaces/engineeringMatch/install/share/location/package.dsv
[8.884s] -- Up-to-date symlink: /workspaces/engineeringMatch/install/share/ament_index/resource_index/packages/location
[8.884s] -- Up-to-date symlink: /workspaces/engineeringMatch/install/share/location/cmake/locationConfig.cmake
[8.884s] -- Up-to-date symlink: /workspaces/engineeringMatch/install/share/location/cmake/locationConfig-version.cmake
[8.885s] -- Up-to-date symlink: /workspaces/engineeringMatch/install/share/location/package.xml
[8.887s] Invoked command in '/workspaces/engineeringMatch/build/location' returned '0': CMAKE_PREFIX_PATH=/opt/ros/humble /usr/bin/cmake --install /workspaces/engineeringMatch/build/location
