[0.009s] Invoking command in '/workspaces/engineeringMatch/build/location': CMAKE_PREFIX_PATH=/opt/ros/humble /usr/bin/cmake --build /workspaces/engineeringMatch/build/location -- -j12 -l12
[0.050s] [35m[1mConsolidate compiler generated dependencies of target location[0m
[0.070s] [ 50%] [32mBuilding CXX object CMakeFiles/location.dir/src/main.cpp.o[0m
[2.239s] In file included from [01m[K/opt/ros/humble/include/rclcpp/rclcpp/logging.hpp:24[m[K,
[2.239s]                  from [01m[K/opt/ros/humble/include/rclcpp/rclcpp/client.hpp:40[m[K,
[2.239s]                  from [01m[K/opt/ros/humble/include/rclcpp/rclcpp/callback_group.hpp:24[m[K,
[2.239s]                  from [01m[K/opt/ros/humble/include/rclcpp/rclcpp/any_executable.hpp:20[m[K,
[2.239s]                  from [01m[K/opt/ros/humble/include/rclcpp/rclcpp/memory_strategy.hpp:25[m[K,
[2.239s]                  from [01m[K/opt/ros/humble/include/rclcpp/rclcpp/memory_strategies.hpp:18[m[K,
[2.239s]                  from [01m[K/opt/ros/humble/include/rclcpp/rclcpp/executor_options.hpp:20[m[K,
[2.239s]                  from [01m[K/opt/ros/humble/include/rclcpp/rclcpp/executor.hpp:37[m[K,
[2.240s]                  from [01m[K/opt/ros/humble/include/rclcpp/rclcpp/executors/multi_threaded_executor.hpp:25[m[K,
[2.240s]                  from [01m[K/opt/ros/humble/include/rclcpp/rclcpp/executors.hpp:21[m[K,
[2.240s]                  from [01m[K/workspaces/engineeringMatch/ws/location/src/image_process/../include/monobehaviour.hpp:5[m[K,
[2.240s]                  from [01m[K/workspaces/engineeringMatch/ws/location/src/image_process/image_processer.hpp:3[m[K,
[2.240s]                  from [01m[K/workspaces/engineeringMatch/ws/location/src/main.cpp:1[m[K:
[2.240s] [01m[K/workspaces/engineeringMatch/ws/location/src/imu/imu_handler.hpp:[m[K In member function ‘[01m[Kconstexpr void engineering_match::imu::IMUHandler::data_callback(std_msgs::msg::Int32_<std::allocator<void> >::SharedPtr)[m[K’:
[2.240s] [01m[K/workspaces/engineeringMatch/ws/location/src/imu/imu_handler.hpp:16:9:[m[K [01;31m[Kerror: [m[K‘[01m[K__rcutils_logging_location[m[K’ declared ‘[01m[Kstatic[m[K’ in ‘[01m[Kconstexpr[m[K’ function
[2.240s]    16 |         [01;31m[KRCLCPP_INFO[m[K(rclcpp::get_logger("IMUHandler"), "Received IMU data callback.");
[2.240s]       |         [01;31m[K^~~~~~~~~~~[m[K
[2.240s] In file included from [01m[K/workspaces/engineeringMatch/ws/location/src/main.cpp:2[m[K:
[2.240s] [01m[K/workspaces/engineeringMatch/ws/location/src/imu/imu_handler.hpp:14:72:[m[K [01;35m[Kwarning: [m[Kunused parameter ‘[01m[Kmsg[m[K’ [[01;35m[K]8;;https://gcc.gnu.org/onlinedocs/gcc/Warning-Options.html#index-Wunused-parameter-Wunused-parameter]8;;[m[K]
[2.240s]    14 |     constexpr void data_callback([01;35m[Kconst std_msgs::msg::Int32::SharedPtr msg[m[K)
[2.240s]       |                                  [01;35m[K~~~~~~~~~~~~~~~~~~~~~~~~~~~~~~~~~~~~~~^~~[m[K
[4.445s] gmake[2]: *** [CMakeFiles/location.dir/build.make:76: CMakeFiles/location.dir/src/main.cpp.o] Error 1
[4.445s] gmake[1]: *** [CMakeFiles/Makefile2:137: CMakeFiles/location.dir/all] Error 2
[4.446s] gmake: *** [Makefile:146: all] Error 2
[4.448s] Invoked command in '/workspaces/engineeringMatch/build/location' returned '2': CMAKE_PREFIX_PATH=/opt/ros/humble /usr/bin/cmake --build /workspaces/engineeringMatch/build/location -- -j12 -l12
