[0.089s] DEBUG:colcon:Command line arguments: ['/usr/bin/colcon', 'build', '--symlink-install', '--merge-install']
[0.089s] DEBUG:colcon:Parsed command line arguments: Namespace(log_base=None, log_level=None, verb_name='build', build_base='build', install_base='install', merge_install=True, symlink_install=True, test_result_base=None, continue_on_error=False, executor='parallel', parallel_workers=12, event_handlers=None, ignore_user_meta=False, metas=['./colcon.meta'], base_paths=['.'], packages_ignore=None, packages_ignore_regex=None, paths=None, packages_up_to=None, packages_up_to_regex=None, packages_above=None, packages_above_and_dependencies=None, packages_above_depth=None, packages_select_by_dep=None, packages_skip_by_dep=None, packages_skip_up_to=None, packages_select_build_failed=False, packages_skip_build_finished=False, packages_select_test_failures=False, packages_skip_test_passed=False, packages_select=None, packages_skip=None, packages_select_regex=None, packages_skip_regex=None, packages_start=None, packages_end=None, cmake_args=None, cmake_target=None, cmake_target_skip_unavailable=False, cmake_clean_cache=False, cmake_clean_first=False, cmake_force_configure=False, ament_cmake_args=None, catkin_cmake_args=None, catkin_skip_building_tests=False, mixin_files=None, mixin=None, verb_parser=<colcon_mixin.mixin.mixin_argument.MixinArgumentDecorator object at 0x7d60b6ef9d80>, verb_extension=<colcon_core.verb.build.BuildVerb object at 0x7d60b6ef9780>, main=<bound method BuildVerb.main of <colcon_core.verb.build.BuildVerb object at 0x7d60b6ef9780>>, mixin_verb=('build',))
[0.179s] Level 1:colcon.colcon_core.package_discovery:discover_packages(colcon_meta) check parameters
[0.180s] INFO:colcon.colcon_metadata.package_discovery.colcon_meta:Using configuration from '/root/.colcon/metadata/default/Gazebo.meta'
[0.180s] INFO:colcon.colcon_metadata.package_discovery.colcon_meta:Using configuration from '/root/.colcon/metadata/default/fastdds.meta'
[0.181s] INFO:colcon.colcon_metadata.package_discovery.colcon_meta:Using configuration from '/root/.colcon/metadata/default/fastrtps.meta'
[0.181s] Level 1:colcon.colcon_core.package_discovery:discover_packages(recursive) check parameters
[0.181s] Level 1:colcon.colcon_core.package_discovery:discover_packages(ignore) check parameters
[0.181s] Level 1:colcon.colcon_core.package_discovery:discover_packages(path) check parameters
[0.181s] Level 1:colcon.colcon_core.package_discovery:discover_packages(colcon_meta) discover
[0.181s] Level 1:colcon.colcon_core.package_discovery:discover_packages(recursive) discover
[0.181s] INFO:colcon.colcon_core.package_discovery:Crawling recursively for packages in '/workspaces/engineeringMatch'
[0.181s] Level 1:colcon.colcon_core.package_identification:_identify(.) by extensions ['ignore', 'ignore_ament_install']
[0.181s] Level 1:colcon.colcon_core.package_identification:_identify(.) by extension 'ignore'
[0.181s] Level 1:colcon.colcon_core.package_identification:_identify(.) by extension 'ignore_ament_install'
[0.181s] Level 1:colcon.colcon_core.package_identification:_identify(.) by extensions ['colcon_pkg']
[0.181s] Level 1:colcon.colcon_core.package_identification:_identify(.) by extension 'colcon_pkg'
[0.181s] Level 1:colcon.colcon_core.package_identification:_identify(.) by extensions ['colcon_meta']
[0.181s] Level 1:colcon.colcon_core.package_identification:_identify(.) by extension 'colcon_meta'
[0.181s] Level 1:colcon.colcon_core.package_identification:_identify(.) by extensions ['ros']
[0.181s] Level 1:colcon.colcon_core.package_identification:_identify(.) by extension 'ros'
[0.189s] Level 1:colcon.colcon_core.package_identification:_identify(.) by extensions ['cmake', 'python']
[0.189s] Level 1:colcon.colcon_core.package_identification:_identify(.) by extension 'cmake'
[0.189s] Level 1:colcon.colcon_core.package_identification:_identify(.) by extension 'python'
[0.189s] Level 1:colcon.colcon_core.package_identification:_identify(.) by extensions ['python_setup_py']
[0.190s] Level 1:colcon.colcon_core.package_identification:_identify(.) by extension 'python_setup_py'
[0.190s] Level 1:colcon.colcon_core.package_identification:_identify(build) by extensions ['ignore', 'ignore_ament_install']
[0.190s] Level 1:colcon.colcon_core.package_identification:_identify(build) by extension 'ignore'
[0.190s] Level 1:colcon.colcon_core.package_identification:_identify(build) ignored
[0.190s] Level 1:colcon.colcon_core.package_identification:_identify(install) by extensions ['ignore', 'ignore_ament_install']
[0.190s] Level 1:colcon.colcon_core.package_identification:_identify(install) by extension 'ignore'
[0.190s] Level 1:colcon.colcon_core.package_identification:_identify(install) ignored
[0.190s] Level 1:colcon.colcon_core.package_identification:_identify(log) by extensions ['ignore', 'ignore_ament_install']
[0.190s] Level 1:colcon.colcon_core.package_identification:_identify(log) by extension 'ignore'
[0.190s] Level 1:colcon.colcon_core.package_identification:_identify(log) ignored
[0.190s] Level 1:colcon.colcon_core.package_identification:_identify(ws) by extensions ['ignore', 'ignore_ament_install']
[0.190s] Level 1:colcon.colcon_core.package_identification:_identify(ws) by extension 'ignore'
[0.190s] Level 1:colcon.colcon_core.package_identification:_identify(ws) by extension 'ignore_ament_install'
[0.190s] Level 1:colcon.colcon_core.package_identification:_identify(ws) by extensions ['colcon_pkg']
[0.190s] Level 1:colcon.colcon_core.package_identification:_identify(ws) by extension 'colcon_pkg'
[0.190s] Level 1:colcon.colcon_core.package_identification:_identify(ws) by extensions ['colcon_meta']
[0.190s] Level 1:colcon.colcon_core.package_identification:_identify(ws) by extension 'colcon_meta'
[0.190s] Level 1:colcon.colcon_core.package_identification:_identify(ws) by extensions ['ros']
[0.191s] Level 1:colcon.colcon_core.package_identification:_identify(ws) by extension 'ros'
[0.191s] Level 1:colcon.colcon_core.package_identification:_identify(ws) by extensions ['cmake', 'python']
[0.191s] Level 1:colcon.colcon_core.package_identification:_identify(ws) by extension 'cmake'
[0.191s] Level 1:colcon.colcon_core.package_identification:_identify(ws) by extension 'python'
[0.191s] Level 1:colcon.colcon_core.package_identification:_identify(ws) by extensions ['python_setup_py']
[0.191s] Level 1:colcon.colcon_core.package_identification:_identify(ws) by extension 'python_setup_py'
[0.191s] Level 1:colcon.colcon_core.package_identification:_identify(ws/location) by extensions ['ignore', 'ignore_ament_install']
[0.191s] Level 1:colcon.colcon_core.package_identification:_identify(ws/location) by extension 'ignore'
[0.191s] Level 1:colcon.colcon_core.package_identification:_identify(ws/location) by extension 'ignore_ament_install'
[0.191s] Level 1:colcon.colcon_core.package_identification:_identify(ws/location) by extensions ['colcon_pkg']
[0.191s] Level 1:colcon.colcon_core.package_identification:_identify(ws/location) by extension 'colcon_pkg'
[0.191s] Level 1:colcon.colcon_core.package_identification:_identify(ws/location) by extensions ['colcon_meta']
[0.191s] Level 1:colcon.colcon_core.package_identification:_identify(ws/location) by extension 'colcon_meta'
[0.191s] Level 1:colcon.colcon_core.package_identification:_identify(ws/location) by extensions ['ros']
[0.191s] Level 1:colcon.colcon_core.package_identification:_identify(ws/location) by extension 'ros'
[0.193s] DEBUG:colcon.colcon_core.package_identification:Package 'ws/location' with type 'ros.ament_cmake' and name 'location'
[0.193s] Level 1:colcon.colcon_core.package_discovery:discover_packages(recursive) using defaults
[0.193s] Level 1:colcon.colcon_core.package_discovery:discover_packages(ignore) discover
[0.193s] Level 1:colcon.colcon_core.package_discovery:discover_packages(ignore) using defaults
[0.193s] Level 1:colcon.colcon_core.package_discovery:discover_packages(path) discover
[0.193s] Level 1:colcon.colcon_core.package_discovery:discover_packages(path) using defaults
[0.208s] Level 5:colcon.colcon_core.verb:set package 'location' build argument 'cmake_args' from command line to 'None'
[0.208s] Level 5:colcon.colcon_core.verb:set package 'location' build argument 'cmake_target' from command line to 'None'
[0.208s] Level 5:colcon.colcon_core.verb:set package 'location' build argument 'cmake_target_skip_unavailable' from command line to 'False'
[0.208s] Level 5:colcon.colcon_core.verb:set package 'location' build argument 'cmake_clean_cache' from command line to 'False'
[0.208s] Level 5:colcon.colcon_core.verb:set package 'location' build argument 'cmake_clean_first' from command line to 'False'
[0.208s] Level 5:colcon.colcon_core.verb:set package 'location' build argument 'cmake_force_configure' from command line to 'False'
[0.208s] Level 5:colcon.colcon_core.verb:set package 'location' build argument 'ament_cmake_args' from command line to 'None'
[0.208s] Level 5:colcon.colcon_core.verb:set package 'location' build argument 'catkin_cmake_args' from command line to 'None'
[0.208s] Level 5:colcon.colcon_core.verb:set package 'location' build argument 'catkin_skip_building_tests' from command line to 'False'
[0.208s] DEBUG:colcon.colcon_core.verb:Building package 'location' with the following arguments: {'ament_cmake_args': None, 'build_base': '/workspaces/engineeringMatch/build/location', 'catkin_cmake_args': None, 'catkin_skip_building_tests': False, 'cmake_args': None, 'cmake_clean_cache': False, 'cmake_clean_first': False, 'cmake_force_configure': False, 'cmake_target': None, 'cmake_target_skip_unavailable': False, 'install_base': '/workspaces/engineeringMatch/install', 'merge_install': True, 'path': '/workspaces/engineeringMatch/ws/location', 'symlink_install': True, 'test_result_base': None}
[0.208s] INFO:colcon.colcon_core.executor:Executing jobs using 'parallel' executor
[0.209s] DEBUG:colcon.colcon_parallel_executor.executor.parallel:run_until_complete
[0.209s] INFO:colcon.colcon_ros.task.ament_cmake.build:Building ROS package in '/workspaces/engineeringMatch/ws/location' with build type 'ament_cmake'
[0.209s] INFO:colcon.colcon_cmake.task.cmake.build:Building CMake package in '/workspaces/engineeringMatch/ws/location'
[0.211s] INFO:colcon.colcon_core.plugin_system:Skipping extension 'colcon_core.shell.bat': Not used on non-Windows systems
[0.211s] INFO:colcon.colcon_core.shell:Skip shell extension 'powershell' for command environment: Not usable outside of PowerShell
[0.211s] DEBUG:colcon.colcon_core.shell:Skip shell extension 'dsv' for command environment
[0.219s] DEBUG:colcon.colcon_core.event_handler.log_command:Invoking command in '/workspaces/engineeringMatch/build/location': CMAKE_PREFIX_PATH=/opt/ros/humble /usr/bin/cmake --build /workspaces/engineeringMatch/build/location -- -j12 -l12
[7.820s] DEBUG:colcon.colcon_core.event_handler.log_command:Invoked command in '/workspaces/engineeringMatch/build/location' returned '0': CMAKE_PREFIX_PATH=/opt/ros/humble /usr/bin/cmake --build /workspaces/engineeringMatch/build/location -- -j12 -l12
[7.828s] DEBUG:colcon.colcon_core.event_handler.log_command:Invoking command in '/workspaces/engineeringMatch/build/location': CMAKE_PREFIX_PATH=/opt/ros/humble /usr/bin/cmake --install /workspaces/engineeringMatch/build/location
[7.847s] Level 1:colcon.colcon_core.environment:create_environment_scripts_only(location)
[7.848s] DEBUG:colcon.colcon_core.event_handler.log_command:Invoked command in '/workspaces/engineeringMatch/build/location' returned '0': CMAKE_PREFIX_PATH=/opt/ros/humble /usr/bin/cmake --install /workspaces/engineeringMatch/build/location
[7.850s] Level 1:colcon.colcon_core.environment:checking '/workspaces/engineeringMatch/install' for CMake module files
[7.850s] Level 1:colcon.colcon_core.environment:checking '/workspaces/engineeringMatch/install' for CMake config files
[7.850s] Level 1:colcon.colcon_core.shell:create_environment_hook('location', 'cmake_prefix_path')
[7.851s] INFO:colcon.colcon_core.shell:Creating environment hook '/workspaces/engineeringMatch/install/share/location/hook/cmake_prefix_path.ps1'
[7.851s] INFO:colcon.colcon_core.shell:Creating environment descriptor '/workspaces/engineeringMatch/install/share/location/hook/cmake_prefix_path.dsv'
[7.852s] INFO:colcon.colcon_core.shell:Creating environment hook '/workspaces/engineeringMatch/install/share/location/hook/cmake_prefix_path.sh'
[7.853s] Level 1:colcon.colcon_core.environment:checking '/workspaces/engineeringMatch/install/lib'
[7.853s] Level 1:colcon.colcon_core.environment:checking '/workspaces/engineeringMatch/install/bin'
[7.853s] Level 1:colcon.colcon_core.environment:checking '/workspaces/engineeringMatch/install/lib/pkgconfig/location.pc'
[7.855s] Level 1:colcon.colcon_core.environment:checking '/workspaces/engineeringMatch/install/lib/python3.10/site-packages'
[7.855s] Level 1:colcon.colcon_core.environment:checking '/workspaces/engineeringMatch/install/bin'
[7.855s] INFO:colcon.colcon_core.shell:Creating package script '/workspaces/engineeringMatch/install/share/location/package.ps1'
[7.856s] INFO:colcon.colcon_core.shell:Creating package descriptor '/workspaces/engineeringMatch/install/share/location/package.dsv'
[7.856s] INFO:colcon.colcon_core.shell:Creating package script '/workspaces/engineeringMatch/install/share/location/package.sh'
[7.857s] INFO:colcon.colcon_core.shell:Creating package script '/workspaces/engineeringMatch/install/share/location/package.bash'
[7.858s] INFO:colcon.colcon_core.shell:Creating package script '/workspaces/engineeringMatch/install/share/location/package.zsh'
[7.858s] Level 1:colcon.colcon_core.environment:create_file_with_runtime_dependencies(/workspaces/engineeringMatch/install/share/colcon-core/packages/location)
[7.859s] Level 1:colcon.colcon_core.environment:create_environment_scripts_only(location)
[7.859s] Level 1:colcon.colcon_core.environment:checking '/workspaces/engineeringMatch/install' for CMake module files
[7.859s] Level 1:colcon.colcon_core.environment:checking '/workspaces/engineeringMatch/install' for CMake config files
[7.859s] Level 1:colcon.colcon_core.shell:create_environment_hook('location', 'cmake_prefix_path')
[7.860s] INFO:colcon.colcon_core.shell:Creating environment hook '/workspaces/engineeringMatch/install/share/location/hook/cmake_prefix_path.ps1'
[7.860s] INFO:colcon.colcon_core.shell:Creating environment descriptor '/workspaces/engineeringMatch/install/share/location/hook/cmake_prefix_path.dsv'
[7.860s] INFO:colcon.colcon_core.shell:Creating environment hook '/workspaces/engineeringMatch/install/share/location/hook/cmake_prefix_path.sh'
[7.861s] Level 1:colcon.colcon_core.environment:checking '/workspaces/engineeringMatch/install/lib'
[7.861s] Level 1:colcon.colcon_core.environment:checking '/workspaces/engineeringMatch/install/bin'
[7.861s] Level 1:colcon.colcon_core.environment:checking '/workspaces/engineeringMatch/install/lib/pkgconfig/location.pc'
[7.861s] Level 1:colcon.colcon_core.environment:checking '/workspaces/engineeringMatch/install/lib/python3.10/site-packages'
[7.861s] Level 1:colcon.colcon_core.environment:checking '/workspaces/engineeringMatch/install/bin'
[7.861s] INFO:colcon.colcon_core.shell:Creating package script '/workspaces/engineeringMatch/install/share/location/package.ps1'
[7.862s] INFO:colcon.colcon_core.shell:Creating package descriptor '/workspaces/engineeringMatch/install/share/location/package.dsv'
[7.862s] INFO:colcon.colcon_core.shell:Creating package script '/workspaces/engineeringMatch/install/share/location/package.sh'
[7.862s] INFO:colcon.colcon_core.shell:Creating package script '/workspaces/engineeringMatch/install/share/location/package.bash'
[7.863s] INFO:colcon.colcon_core.shell:Creating package script '/workspaces/engineeringMatch/install/share/location/package.zsh'
[7.863s] Level 1:colcon.colcon_core.environment:create_file_with_runtime_dependencies(/workspaces/engineeringMatch/install/share/colcon-core/packages/location)
[7.863s] DEBUG:colcon.colcon_parallel_executor.executor.parallel:closing loop
[7.863s] DEBUG:colcon.colcon_parallel_executor.executor.parallel:loop closed
[7.864s] DEBUG:colcon.colcon_parallel_executor.executor.parallel:run_until_complete finished with '0'
[7.864s] DEBUG:colcon.colcon_core.event_reactor:joining thread
[7.868s] INFO:colcon.colcon_core.plugin_system:Skipping extension 'colcon_notification.desktop_notification.notify_send': Could not find 'notify-send'
[7.868s] INFO:colcon.colcon_core.plugin_system:Skipping extension 'colcon_notification.desktop_notification.terminal_notifier': Not used on non-Darwin systems
[7.868s] INFO:colcon.colcon_core.plugin_system:Skipping extension 'colcon_notification.desktop_notification.win32': Not used on non-Windows systems
[7.868s] INFO:colcon.colcon_notification.desktop_notification:Sending desktop notification using 'notify2'
[7.870s] DEBUG:colcon.colcon_notification.desktop_notification.notify2:Failed to initialize notify2: org.freedesktop.DBus.Error.Spawn.ExecFailed: /usr/bin/dbus-launch terminated abnormally without any error message
[7.871s] DEBUG:colcon.colcon_core.event_reactor:joined thread
[7.871s] INFO:colcon.colcon_core.shell:Creating prefix script '/workspaces/engineeringMatch/install/local_setup.ps1'
[7.872s] INFO:colcon.colcon_core.shell:Creating prefix util module '/workspaces/engineeringMatch/install/_local_setup_util_ps1.py'
[7.873s] INFO:colcon.colcon_core.shell:Creating prefix chain script '/workspaces/engineeringMatch/install/setup.ps1'
[7.874s] INFO:colcon.colcon_core.shell:Creating prefix script '/workspaces/engineeringMatch/install/local_setup.sh'
[7.874s] INFO:colcon.colcon_core.shell:Creating prefix util module '/workspaces/engineeringMatch/install/_local_setup_util_sh.py'
[7.875s] INFO:colcon.colcon_core.shell:Creating prefix chain script '/workspaces/engineeringMatch/install/setup.sh'
[7.876s] INFO:colcon.colcon_core.shell:Creating prefix script '/workspaces/engineeringMatch/install/local_setup.bash'
[7.876s] INFO:colcon.colcon_core.shell:Creating prefix chain script '/workspaces/engineeringMatch/install/setup.bash'
[7.877s] INFO:colcon.colcon_core.shell:Creating prefix script '/workspaces/engineeringMatch/install/local_setup.zsh'
[7.877s] INFO:colcon.colcon_core.shell:Creating prefix chain script '/workspaces/engineeringMatch/install/setup.zsh'
