[35m[1mConsolidate compiler generated dependencies of target location[0m
[ 50%] [32mBuilding CXX object CMakeFiles/location.dir/src/main.cpp.o[0m
In file included from [01m[K/workspaces/engineeringMatch/ws/location/src/main.cpp:2[m[K:
[01m[K/workspaces/engineeringMatch/ws/location/src/imu/imu_handler.hpp:[m[K In member function ‘[01m[Kvoid engineering_match::imu::IMUHandler::data_callback(std_msgs::msg::Int32_<std::allocator<void> >::SharedPtr)[m[K’:
[01m[K/workspaces/engineeringMatch/ws/location/src/imu/imu_handler.hpp:14:62:[m[K [01;35m[Kwarning: [m[Kunused parameter ‘[01m[Kmsg[m[K’ [[01;35m[K]8;;https://gcc.gnu.org/onlinedocs/gcc/Warning-Options.html#index-Wunused-parameter-Wunused-parameter]8;;[m[K]
   14 |     void data_callback([01;35m[Kconst std_msgs::msg::Int32::SharedPtr msg[m[K)
      |                        [01;35m[K~~~~~~~~~~~~~~~~~~~~~~~~~~~~~~~~~~~~~~^~~[m[K
[100%] [32m[1mLinking CXX executable location[0m
[100%] Built target location
-- Install configuration: ""
-- Execute custom install script
-- Up-to-date symlink: /workspaces/engineeringMatch/install/lib/location/location
-- Up-to-date symlink: /workspaces/engineeringMatch/install/share/ament_index/resource_index/package_run_dependencies/location
-- Up-to-date symlink: /workspaces/engineeringMatch/install/share/ament_index/resource_index/parent_prefix_path/location
-- Up-to-date symlink: /workspaces/engineeringMatch/install/share/location/environment/ament_prefix_path.sh
-- Up-to-date symlink: /workspaces/engineeringMatch/install/share/location/environment/ament_prefix_path.dsv
-- Up-to-date symlink: /workspaces/engineeringMatch/install/share/location/environment/path.sh
-- Up-to-date symlink: /workspaces/engineeringMatch/install/share/location/environment/path.dsv
-- Up-to-date symlink: /workspaces/engineeringMatch/install/share/location/local_setup.bash
-- Up-to-date symlink: /workspaces/engineeringMatch/install/share/location/local_setup.sh
-- Up-to-date symlink: /workspaces/engineeringMatch/install/share/location/local_setup.zsh
-- Up-to-date symlink: /workspaces/engineeringMatch/install/share/location/local_setup.dsv
-- Symlinking: /workspaces/engineeringMatch/install/share/location/package.dsv
-- Up-to-date symlink: /workspaces/engineeringMatch/install/share/ament_index/resource_index/packages/location
-- Up-to-date symlink: /workspaces/engineeringMatch/install/share/location/cmake/locationConfig.cmake
-- Up-to-date symlink: /workspaces/engineeringMatch/install/share/location/cmake/locationConfig-version.cmake
-- Up-to-date symlink: /workspaces/engineeringMatch/install/share/location/package.xml
