[0.009s] Invoking command in '/workspaces/engineeringMatch/build/location': CMAKE_PREFIX_PATH=/opt/ros/humble /usr/bin/cmake --build /workspaces/engineeringMatch/build/location -- -j12 -l12
[0.049s] [35m[1mConsolidate compiler generated dependencies of target location[0m
[0.069s] [ 50%] [32mBuilding CXX object CMakeFiles/location.dir/src/main.cpp.o[0m
[7.178s] [100%] [32m[1mLinking CXX executable location[0m
[7.520s] [100%] Built target location
[7.530s] Invoked command in '/workspaces/engineeringMatch/build/location' returned '0': CMAKE_PREFIX_PATH=/opt/ros/humble /usr/bin/cmake --build /workspaces/engineeringMatch/build/location -- -j12 -l12
[7.542s] Invoking command in '/workspaces/engineeringMatch/build/location': CMAKE_PREFIX_PATH=/opt/ros/humble /usr/bin/cmake --install /workspaces/engineeringMatch/build/location
[7.548s] -- Install configuration: ""
[7.549s] -- Execute custom install script
[7.549s] -- Up-to-date symlink: /workspaces/engineeringMatch/install/lib/location/location
[7.549s] -- Up-to-date symlink: /workspaces/engineeringMatch/install/share/ament_index/resource_index/package_run_dependencies/location
[7.549s] -- Up-to-date symlink: /workspaces/engineeringMatch/install/share/ament_index/resource_index/parent_prefix_path/location
[7.549s] -- Up-to-date symlink: /workspaces/engineeringMatch/install/share/location/environment/ament_prefix_path.sh
[7.549s] -- Up-to-date symlink: /workspaces/engineeringMatch/install/share/location/environment/ament_prefix_path.dsv
[7.549s] -- Up-to-date symlink: /workspaces/engineeringMatch/install/share/location/environment/path.sh
[7.550s] -- Up-to-date symlink: /workspaces/engineeringMatch/install/share/location/environment/path.dsv
[7.550s] -- Up-to-date symlink: /workspaces/engineeringMatch/install/share/location/local_setup.bash
[7.550s] -- Up-to-date symlink: /workspaces/engineeringMatch/install/share/location/local_setup.sh
[7.550s] -- Up-to-date symlink: /workspaces/engineeringMatch/install/share/location/local_setup.zsh
[7.550s] -- Up-to-date symlink: /workspaces/engineeringMatch/install/share/location/local_setup.dsv
[7.550s] -- Symlinking: /workspaces/engineeringMatch/install/share/location/package.dsv
[7.559s] -- Up-to-date symlink: /workspaces/engineeringMatch/install/share/ament_index/resource_index/packages/location
[7.559s] -- Up-to-date symlink: /workspaces/engineeringMatch/install/share/location/cmake/locationConfig.cmake
[7.559s] -- Up-to-date symlink: /workspaces/engineeringMatch/install/share/location/cmake/locationConfig-version.cmake
[7.559s] -- Up-to-date symlink: /workspaces/engineeringMatch/install/share/location/package.xml
[7.561s] Invoked command in '/workspaces/engineeringMatch/build/location' returned '0': CMAKE_PREFIX_PATH=/opt/ros/humble /usr/bin/cmake --install /workspaces/engineeringMatch/build/location
